[ 2024-11-23 21:59:03,039 ] 21 cnn_classifier_logger - INFO - yaml file: config/config.yaml loaded successfully
[ 2024-11-23 21:59:03,044 ] 21 cnn_classifier_logger - INFO - yaml file: params.yaml loaded successfully
[ 2024-11-23 21:59:03,046 ] 33 cnn_classifier_logger - INFO - Created directory at: artifacts
[ 2024-11-23 21:59:03,051 ] 33 cnn_classifier_logger - INFO - Created directory at: artifacts/data_ingestion
[ 2024-11-23 21:59:03,054 ] 18 cnn_classifier_logger - INFO - Downloading data from (https://drive.google.com/file/d/1RMUrozOYrdxD40pcXJMCAPRy6kIrBrg3/view?usp=sharing) to (artifacts/data_ingestion/data.zip)
[ 2024-11-23 21:59:22,745 ] 23 cnn_classifier_logger - INFO - Download completed
[ 2024-11-23 22:00:00,368 ] 21 cnn_classifier_logger - INFO - yaml file: config/config.yaml loaded successfully
[ 2024-11-23 22:00:00,373 ] 21 cnn_classifier_logger - INFO - yaml file: params.yaml loaded successfully
[ 2024-11-23 22:00:00,374 ] 33 cnn_classifier_logger - INFO - Created directory at: artifacts
[ 2024-11-23 22:00:00,377 ] 33 cnn_classifier_logger - INFO - Created directory at: artifacts/data_ingestion
[ 2024-11-23 22:00:00,382 ] 18 cnn_classifier_logger - INFO - Downloading data from (https://drive.google.com/file/d/1RMUrozOYrdxD40pcXJMCAPRy6kIrBrg3/view?usp=sharing) to (artifacts/data_ingestion/data.zip)
[ 2024-11-23 22:00:21,246 ] 23 cnn_classifier_logger - INFO - Download completed
[ 2024-11-23 22:02:18,532 ] 21 cnn_classifier_logger - INFO - yaml file: config/config.yaml loaded successfully
[ 2024-11-23 22:02:18,536 ] 21 cnn_classifier_logger - INFO - yaml file: params.yaml loaded successfully
[ 2024-11-23 22:02:18,539 ] 33 cnn_classifier_logger - INFO - Created directory at: artifacts
[ 2024-11-23 22:02:18,543 ] 33 cnn_classifier_logger - INFO - Created directory at: artifacts/data_ingestion
[ 2024-11-23 22:02:18,553 ] 18 cnn_classifier_logger - INFO - Downloading data from (https://drive.google.com/file/d/1RMUrozOYrdxD40pcXJMCAPRy6kIrBrg3/view?usp=sharing) to (artifacts/data_ingestion/data.zip)
[ 2024-11-23 22:02:43,963 ] 23 cnn_classifier_logger - INFO - Download completed
[ 2024-11-23 23:54:17,443 ] 21 cnn_classifier_logger : INFO : common : yaml file: config/config.yaml loaded successfully
[ 2024-11-23 23:54:17,462 ] 21 cnn_classifier_logger : INFO : common : yaml file: params.yaml loaded successfully
[ 2024-11-23 23:54:17,463 ] 33 cnn_classifier_logger : INFO : common : Created directory at: artifacts
[ 2024-11-23 23:54:17,975 ] 83 absl : WARNING : saving_api : You are saving your model as an HDF5 file via `model.save()` or `keras.saving.save_model(model)`. This file format is considered legacy. We recommend using instead the native Keras format, e.g. `model.save('my_model.keras')` or `keras.saving.save_model(model, 'my_model.keras')`. 
[ 2024-11-23 23:54:50,288 ] 21 cnn_classifier_logger : INFO : common : yaml file: config/config.yaml loaded successfully
[ 2024-11-23 23:54:50,290 ] 21 cnn_classifier_logger : INFO : common : yaml file: params.yaml loaded successfully
[ 2024-11-23 23:54:50,292 ] 33 cnn_classifier_logger : INFO : common : Created directory at: artifacts
[ 2024-11-23 23:54:50,793 ] 83 absl : WARNING : saving_api : You are saving your model as an HDF5 file via `model.save()` or `keras.saving.save_model(model)`. This file format is considered legacy. We recommend using instead the native Keras format, e.g. `model.save('my_model.keras')` or `keras.saving.save_model(model, 'my_model.keras')`. 
[ 2024-11-23 23:58:59,770 ] 21 cnn_classifier_logger : INFO : common : yaml file: config/config.yaml loaded successfully
[ 2024-11-23 23:58:59,774 ] 21 cnn_classifier_logger : INFO : common : yaml file: params.yaml loaded successfully
[ 2024-11-23 23:58:59,776 ] 33 cnn_classifier_logger : INFO : common : Created directory at: artifacts
[ 2024-11-23 23:59:00,252 ] 83 absl : WARNING : saving_api : You are saving your model as an HDF5 file via `model.save()` or `keras.saving.save_model(model)`. This file format is considered legacy. We recommend using instead the native Keras format, e.g. `model.save('my_model.keras')` or `keras.saving.save_model(model, 'my_model.keras')`. 
[ 2024-11-23 23:59:23,813 ] 21 cnn_classifier_logger : INFO : common : yaml file: config/config.yaml loaded successfully
[ 2024-11-23 23:59:23,816 ] 21 cnn_classifier_logger : INFO : common : yaml file: params.yaml loaded successfully
[ 2024-11-23 23:59:23,817 ] 33 cnn_classifier_logger : INFO : common : Created directory at: artifacts
[ 2024-11-23 23:59:24,315 ] 83 absl : WARNING : saving_api : You are saving your model as an HDF5 file via `model.save()` or `keras.saving.save_model(model)`. This file format is considered legacy. We recommend using instead the native Keras format, e.g. `model.save('my_model.keras')` or `keras.saving.save_model(model, 'my_model.keras')`. 
[ 2024-11-24 00:02:32,972 ] 21 cnn_classifier_logger : INFO : common : yaml file: config/config.yaml loaded successfully
[ 2024-11-24 00:02:32,980 ] 21 cnn_classifier_logger : INFO : common : yaml file: params.yaml loaded successfully
[ 2024-11-24 00:02:32,982 ] 33 cnn_classifier_logger : INFO : common : Created directory at: artifacts
[ 2024-11-24 00:02:33,865 ] 83 absl : WARNING : saving_api : You are saving your model as an HDF5 file via `model.save()` or `keras.saving.save_model(model)`. This file format is considered legacy. We recommend using instead the native Keras format, e.g. `model.save('my_model.keras')` or `keras.saving.save_model(model, 'my_model.keras')`. 
[ 2024-11-24 00:03:05,213 ] 21 cnn_classifier_logger : INFO : common : yaml file: config/config.yaml loaded successfully
[ 2024-11-24 00:03:05,215 ] 21 cnn_classifier_logger : INFO : common : yaml file: params.yaml loaded successfully
[ 2024-11-24 00:03:05,216 ] 33 cnn_classifier_logger : INFO : common : Created directory at: artifacts
[ 2024-11-24 00:03:05,688 ] 83 absl : WARNING : saving_api : You are saving your model as an HDF5 file via `model.save()` or `keras.saving.save_model(model)`. This file format is considered legacy. We recommend using instead the native Keras format, e.g. `model.save('my_model.keras')` or `keras.saving.save_model(model, 'my_model.keras')`. 
[ 2024-11-24 00:03:06,095 ] 83 absl : WARNING : saving_api : You are saving your model as an HDF5 file via `model.save()` or `keras.saving.save_model(model)`. This file format is considered legacy. We recommend using instead the native Keras format, e.g. `model.save('my_model.keras')` or `keras.saving.save_model(model, 'my_model.keras')`. 
[ 2024-11-24 00:20:31,559 ] 21 cnn_classifier_logger : INFO : common : yaml file: config/config.yaml loaded successfully
[ 2024-11-24 00:20:31,566 ] 21 cnn_classifier_logger : INFO : common : yaml file: params.yaml loaded successfully
[ 2024-11-24 00:20:31,568 ] 33 cnn_classifier_logger : INFO : common : Created directory at: artifacts
[ 2024-11-24 00:20:32,278 ] 83 absl : WARNING : saving_api : You are saving your model as an HDF5 file via `model.save()` or `keras.saving.save_model(model)`. This file format is considered legacy. We recommend using instead the native Keras format, e.g. `model.save('my_model.keras')` or `keras.saving.save_model(model, 'my_model.keras')`. 
[ 2024-11-24 00:20:32,739 ] 83 absl : WARNING : saving_api : You are saving your model as an HDF5 file via `model.save()` or `keras.saving.save_model(model)`. This file format is considered legacy. We recommend using instead the native Keras format, e.g. `model.save('my_model.keras')` or `keras.saving.save_model(model, 'my_model.keras')`. 
